2024-06-16T01:31:14.067Z info: Server started on port 3000
2024-06-16T01:31:14.700Z info: MongoDB Connected
2024-06-16T01:31:54.464Z info: Server started on port 3000
2024-06-16T01:31:55.245Z info: MongoDB Connected
2024-06-16T01:32:19.050Z info: Server started on port 3000
2024-06-16T01:32:19.858Z info: MongoDB Connected
2024-06-16T01:32:28.243Z info: Server started on port 3000
2024-06-16T01:32:30.876Z info: Server started on port 3000
2024-06-16T01:32:31.410Z info: MongoDB Connected
2024-06-16T01:32:35.039Z info: Server started on port 3000
2024-06-16T01:32:35.611Z info: MongoDB Connected
2024-06-16T01:32:37.797Z info: Server started on port 3000
2024-06-16T01:32:38.082Z info: MongoDB Connected
2024-06-16T01:32:39.179Z info: Server started on port 3000
2024-06-16T01:32:39.655Z info: MongoDB Connected
2024-06-16T01:32:44.146Z info: Server started on port 3000
2024-06-16T01:32:44.623Z info: MongoDB Connected
2024-06-16T01:32:46.057Z info: Server started on port 3000
2024-06-16T01:32:46.886Z info: MongoDB Connected
2024-06-16T01:32:49.605Z info: Server started on port 3000
2024-06-16T01:32:50.119Z info: MongoDB Connected
2024-06-16T01:32:53.069Z info: Server started on port 3000
2024-06-16T01:32:53.541Z info: MongoDB Connected
2024-06-16T01:32:58.386Z info: Server started on port 3000
2024-06-16T01:32:59.923Z info: Server started on port 3000
2024-06-16T01:33:01.081Z info: Server started on port 3000
2024-06-16T01:33:01.480Z info: MongoDB Connected
2024-06-16T01:33:04.565Z info: Server started on port 3000
2024-06-16T01:33:05.014Z info: MongoDB Connected
2024-06-16T01:33:18.736Z info: Server started on port 3000
2024-06-16T01:33:19.455Z info: MongoDB Connected
2024-06-16T01:33:21.836Z info: Server started on port 3000
2024-06-16T01:33:22.424Z info: MongoDB Connected
2024-06-16T01:33:27.721Z info: Server started on port 3000
2024-06-16T01:33:28.246Z info: MongoDB Connected
2024-06-16T01:33:56.954Z info: Server started on port 3000
2024-06-16T01:33:57.479Z info: MongoDB Connected
2024-06-16T02:00:07.795Z info: Server started on port undefined
2024-06-16T02:00:08.287Z info: MongoDB Connected
2024-06-16T02:00:41.827Z info: Server started on port 8000
2024-06-16T02:00:42.291Z info: MongoDB Connected
2024-06-16T02:03:01.150Z info: Server started on port 3000
2024-06-16T02:03:01.799Z info: MongoDB Connected
2024-06-16T02:03:07.084Z info: GET
2024-06-16T02:03:07.175Z info: GET
2024-06-16T02:03:11.198Z info: GET
2024-06-16T02:03:11.381Z info: GET
2024-06-16T02:04:59.625Z info: GET
2024-06-16T02:05:07.614Z info: GET
2024-06-16T02:05:08.631Z info: GET
2024-06-16T02:05:12.622Z info: GET
2024-06-16T02:05:17.627Z info: GET
2024-06-16T02:05:32.630Z info: GET
2024-06-16T02:05:43.627Z info: GET
2024-06-16T02:05:47.899Z info: GET
2024-06-16T02:05:48.074Z info: GET
2024-06-16T02:06:02.615Z info: GET
2024-06-16T02:06:06.629Z info: GET
2024-06-16T02:06:16.620Z info: GET
2024-06-16T02:06:22.615Z info: GET
2024-06-16T02:38:04.569Z info: GET
2024-06-16T02:38:14.089Z info: POST
2024-06-16T02:38:15.551Z info: POST
2024-06-16T02:38:24.585Z info: GET
2024-06-16T02:38:34.585Z info: GET
2024-06-16T02:38:36.975Z info: GET
2024-06-16T02:38:38.635Z info: POST
2024-06-16T02:38:44.099Z error: Error creating student:  getaddrinfo ENOTFOUND ac-fzm7b8w-shard-00-01.hpryanm.mongodb.net
2024-06-16T02:38:44.102Z info: POST
2024-06-16T02:38:45.563Z error: Error creating student:  getaddrinfo ENOTFOUND ac-fzm7b8w-shard-00-01.hpryanm.mongodb.net
2024-06-16T02:38:51.658Z info: GET
2024-06-16T02:39:08.655Z error: Error creating student:  getaddrinfo ENOTFOUND ac-fzm7b8w-shard-00-01.hpryanm.mongodb.net
2024-06-16T02:39:11.669Z info: GET
2024-06-16T02:39:21.601Z info: GET
2024-06-16T02:40:34.588Z info: GET
2024-06-16T02:40:38.584Z info: GET
2024-06-16T02:45:51.605Z info: GET
2024-06-16T02:45:53.591Z info: GET
2024-06-16T02:46:08.611Z info: GET
2024-06-16T02:46:11.606Z info: GET
2024-06-16T02:46:13.598Z info: GET
2024-06-16T02:46:18.587Z info: GET
2024-06-16T02:46:36.594Z info: GET
2024-06-16T02:46:37.595Z info: GET
2024-06-16T02:46:44.588Z info: GET
2024-06-16T02:46:44.622Z info: GET
2024-06-16T02:47:01.037Z info: GET
2024-06-16T02:47:01.124Z info: GET
2024-06-16T02:47:09.617Z info: GET
2024-06-16T02:47:09.637Z info: GET
2024-06-16T02:47:13.380Z info: GET
2024-06-16T02:47:13.523Z info: GET
2024-06-16T02:47:24.417Z info: GET
2024-06-16T02:47:24.435Z info: GET
2024-06-16T02:47:27.919Z info: GET
2024-06-16T02:47:28.055Z info: GET
2024-06-16T02:47:31.825Z info: GET
2024-06-16T02:47:31.948Z info: GET
2024-06-16T02:48:24.586Z info: GET
2024-06-16T02:48:34.593Z info: GET
2024-06-16T02:48:36.592Z info: GET
2024-06-16T02:48:46.596Z info: GET
2024-06-16T02:48:51.591Z info: GET
2024-06-16T02:48:57.582Z info: GET
2024-06-16T02:49:50.585Z info: GET
2024-06-16T02:49:51.597Z info: GET
2024-06-16T02:50:11.911Z info: Server started on port 3000
2024-06-16T02:50:12.662Z info: MongoDB Connected
2024-06-16T02:50:18.604Z info: GET
2024-06-16T02:50:29.609Z info: GET
2024-06-16T02:50:31.594Z info: GET
2024-06-16T02:50:33.597Z info: GET
2024-06-16T02:50:34.583Z info: GET
2024-06-16T02:50:40.591Z info: GET
2024-06-16T02:50:43.580Z info: GET
2024-06-16T02:54:02.613Z info: GET
2024-06-16T02:54:13.593Z info: GET
2024-06-16T02:54:18.613Z info: GET
2024-06-16T02:54:18.650Z info: GET
2024-06-16T02:54:59.586Z info: GET
2024-06-16T02:55:01.594Z info: GET
2024-06-16T02:55:03.590Z info: GET
2024-06-16T02:55:07.602Z info: GET
2024-06-16T02:55:09.599Z info: GET
2024-06-16T02:55:10.592Z info: GET
2024-06-16T02:56:38.174Z info: Server started on port 3000
2024-06-16T02:56:38.981Z info: MongoDB Connected
2024-06-16T02:56:52.543Z info: GET
2024-06-16T02:56:52.644Z info: GET
2024-06-16T02:56:55.307Z info: GET
2024-06-16T02:57:21.598Z info: GET
2024-06-16T02:57:22.593Z info: GET
2024-06-16T02:57:28.773Z info: GET
2024-06-16T02:59:21.584Z info: GET
2024-06-16T02:59:27.757Z info: GET
2024-06-16T02:59:40.596Z info: GET
2024-06-16T02:59:47.587Z info: GET
2024-06-16T02:59:50.598Z info: GET
2024-06-16T02:59:51.589Z info: GET
2024-06-16T03:00:52.170Z info: Server started on port 3000
2024-06-16T03:00:52.714Z info: MongoDB Connected
2024-06-16T03:01:52.927Z info: GET
2024-06-16T03:01:53.023Z info: GET
2024-06-16T03:05:51.075Z info: GET
2024-06-16T03:06:27.618Z info: GET
2024-06-16T03:06:27.646Z info: GET
2024-06-16T03:06:30.710Z info: GET
2024-06-16T03:06:30.864Z info: GET
2024-06-16T03:06:32.921Z info: GET
2024-06-16T03:06:32.948Z info: GET
2024-06-16T03:06:34.204Z info: GET
2024-06-16T03:06:34.329Z info: GET
2024-06-16T03:06:40.414Z info: GET
2024-06-16T03:07:26.681Z info: Server started on port 3000
2024-06-16T03:07:27.362Z info: MongoDB Connected
2024-06-16T03:07:30.722Z info: Server started on port 3000
2024-06-16T03:07:32.503Z info: Server started on port 3000
2024-06-16T03:07:33.099Z info: MongoDB Connected
2024-06-16T03:07:34.586Z info: Server started on port 3000
2024-06-16T03:07:34.918Z info: MongoDB Connected
2024-06-16T03:07:39.828Z info: Server started on port 3000
2024-06-16T03:07:41.282Z info: Server started on port 3000
2024-06-16T03:07:41.859Z info: MongoDB Connected
2024-06-16T03:08:05.720Z info: Server started on port 3000
2024-06-16T03:08:06.522Z info: MongoDB Connected
2024-06-16T03:08:18.624Z info: Server started on port 3000
2024-06-16T03:08:19.381Z info: MongoDB Connected
2024-06-16T03:08:30.262Z info: GET
2024-06-16T03:08:30.371Z info: GET
2024-06-16T03:08:35.983Z info: GET
2024-06-16T03:09:01.710Z info: Server started on port 3000
2024-06-16T03:09:02.949Z info: Server started on port 3000
2024-06-16T03:09:03.434Z info: MongoDB Connected
2024-06-16T03:09:11.627Z info: Server started on port 3000
2024-06-16T03:09:12.118Z info: MongoDB Connected
2024-06-16T03:09:14.899Z info: Server started on port 3000
2024-06-16T03:09:15.316Z info: MongoDB Connected
2024-06-16T03:09:20.096Z info: Server started on port 3000
2024-06-16T03:09:20.557Z info: MongoDB Connected
2024-06-16T03:09:30.260Z info: Server started on port 3000
2024-06-16T03:09:30.536Z info: MongoDB Connected
2024-06-16T03:09:41.289Z info: Server started on port 3000
2024-06-16T03:09:41.768Z info: MongoDB Connected
2024-06-16T03:10:13.336Z info: Server started on port 3000
2024-06-16T03:10:13.964Z info: MongoDB Connected
2024-06-16T03:10:18.050Z info: Server started on port 3000
2024-06-16T03:10:20.274Z info: Server started on port 3000
2024-06-16T03:10:20.726Z info: MongoDB Connected
2024-06-16T03:10:25.142Z info: GET
2024-06-16T03:10:25.242Z info: null
2024-06-16T03:10:44.169Z info: Server started on port 3000
2024-06-16T03:10:44.917Z info: MongoDB Connected
2024-06-16T03:11:20.536Z info: Server started on port 3000
2024-06-16T03:11:21.092Z info: MongoDB Connected
2024-06-16T03:11:26.586Z info: Server started on port 3000
2024-06-16T03:11:27.284Z info: MongoDB Connected
2024-06-16T03:11:31.545Z info: Server started on port 3000
2024-06-16T03:11:32.310Z info: MongoDB Connected
2024-06-16T03:11:37.405Z info: Server started on port 3000
2024-06-16T03:11:38.246Z info: MongoDB Connected
2024-06-16T03:11:44.250Z info: Server started on port 3000
2024-06-16T03:11:44.746Z info: MongoDB Connected
2024-06-16T03:11:55.800Z info: Server started on port 3000
2024-06-16T03:11:56.492Z info: MongoDB Connected
2024-06-16T03:12:01.790Z info: GET
2024-06-16T03:12:01.957Z info: GET
2024-06-16T03:12:02.768Z info: GET
2024-06-16T03:17:42.625Z info: GET
2024-06-16T03:17:54.611Z info: GET
2024-06-16T03:17:56.596Z info: GET
2024-06-16T03:21:13.006Z info: GET
2024-06-16T03:21:13.071Z info: GET
2024-06-16T03:21:19.994Z info: GET
2024-06-16T03:21:20.101Z info: GET
2024-06-16T03:21:26.039Z info: GET
2024-06-16T03:21:26.122Z info: GET
2024-06-16T03:21:27.939Z info: GET
2024-06-16T03:21:28.073Z info: GET
2024-06-16T03:21:50.106Z info: GET
2024-06-16T03:21:50.191Z info: GET
2024-06-16T03:21:52.954Z info: GET
2024-06-16T03:21:53.007Z info: GET
2024-06-16T03:22:02.039Z info: GET
2024-06-16T03:22:26.608Z info: GET
2024-06-16T03:24:16.821Z info: GET
2024-06-16T03:24:16.864Z info: GET
2024-06-16T03:24:18.937Z info: GET
2024-06-16T03:24:19.081Z info: GET
2024-06-16T03:24:21.180Z info: GET
2024-06-16T03:24:21.196Z info: GET
2024-06-16T03:24:22.602Z info: GET
2024-06-16T03:24:22.659Z info: GET
2024-06-16T03:24:26.190Z info: GET
2024-06-16T03:24:28.055Z info: GET
2024-06-16T03:24:28.231Z info: GET
2024-06-16T03:24:46.613Z info: GET
2024-06-16T03:24:47.593Z info: GET
2024-06-16T03:25:57.410Z info: GET
2024-06-16T03:25:57.969Z info: GET
2024-06-16T03:25:58.110Z info: GET
2024-06-16T03:25:58.258Z info: GET
2024-06-16T03:25:58.433Z info: GET
2024-06-16T03:25:58.656Z info: GET
2024-06-16T03:26:12.594Z info: GET
2024-06-16T03:26:13.600Z info: GET
2024-06-16T03:26:38.595Z info: GET
2024-06-16T03:27:01.582Z info: GET
2024-06-16T03:27:02.593Z info: GET
2024-06-16T03:27:09.595Z info: GET
2024-06-16T03:27:17.973Z info: GET
2024-06-16T03:28:08.597Z info: GET
2024-06-16T03:28:13.613Z info: GET
2024-06-16T03:33:37.590Z info: GET
2024-06-16T03:33:40.584Z info: GET
2024-06-16T03:34:29.733Z info: GET
2024-06-16T03:34:30.443Z info: GET
2024-06-16T03:34:30.604Z info: GET
2024-06-16T03:34:34.453Z info: GET
2024-06-16T03:34:34.473Z info: GET
2024-06-16T03:34:36.017Z info: GET
2024-06-16T03:34:36.068Z info: GET
2024-06-16T03:34:41.663Z info: GET
2024-06-16T03:36:48.599Z info: GET
2024-06-16T03:36:49.591Z info: GET
2024-06-16T03:36:52.597Z info: GET
2024-06-16T03:36:55.082Z info: GET
2024-06-16T03:37:12.601Z info: GET
2024-06-16T03:37:18.306Z info: GET
2024-06-16T03:37:22.193Z info: GET
2024-06-16T03:39:24.570Z info: GET
2024-06-16T03:39:24.718Z info: GET
2024-06-16T03:39:26.552Z info: GET
2024-06-16T03:39:26.657Z info: GET
2024-06-16T03:39:28.289Z info: GET
2024-06-16T03:39:29.368Z info: GET
2024-06-16T03:39:30.073Z info: GET
2024-06-16T03:39:59.638Z info: GET
2024-06-16T03:40:01.589Z info: GET
2024-06-16T03:40:07.592Z info: GET
2024-06-16T03:42:14.591Z info: GET
2024-06-16T03:45:03.596Z info: GET
2024-06-16T03:45:05.597Z info: GET
2024-06-16T03:45:06.589Z info: GET
2024-06-16T03:45:06.642Z info: GET
2024-06-16T03:45:24.593Z info: GET
2024-06-16T03:45:36.597Z info: GET
2024-06-16T03:45:44.600Z info: GET
2024-06-16T03:45:53.605Z info: GET
2024-06-16T03:45:58.600Z info: GET
2024-06-16T03:46:01.612Z info: GET
2024-06-16T03:46:03.586Z info: GET
2024-06-16T03:46:05.600Z info: GET
2024-06-16T03:46:14.591Z info: GET
2024-06-16T03:47:09.591Z info: GET
2024-06-16T03:47:09.630Z info: GET
2024-06-16T03:47:11.609Z info: GET
2024-06-16T03:47:11.762Z info: GET
2024-06-16T03:47:21.585Z info: GET
2024-06-16T03:47:31.609Z info: GET
2024-06-16T03:47:33.598Z info: GET
2024-06-16T03:47:45.596Z info: GET
2024-06-16T03:47:54.592Z info: GET
2024-06-16T03:47:54.638Z info: GET
2024-06-16T03:48:20.588Z info: GET
2024-06-16T03:48:23.595Z info: GET
2024-06-16T03:48:25.596Z info: GET
2024-06-16T03:48:35.598Z info: GET
2024-06-16T03:48:39.594Z info: GET
2024-06-16T03:48:45.588Z info: GET
2024-06-16T03:48:56.606Z info: GET
2024-06-16T03:48:59.599Z info: GET
2024-06-16T03:49:03.594Z info: GET
2024-06-16T03:49:04.593Z info: GET
2024-06-16T03:49:10.603Z info: GET
2024-06-16T03:49:14.625Z info: GET
2024-06-16T03:49:19.593Z info: GET
2024-06-16T03:49:24.607Z info: GET
2024-06-16T03:49:31.561Z info: GET
2024-06-16T03:49:31.611Z info: GET
2024-06-16T03:49:33.914Z info: GET
2024-06-16T03:50:02.611Z info: GET
2024-06-16T03:50:04.607Z info: GET
2024-06-16T03:50:06.262Z info: GET
2024-06-16T03:50:18.318Z info: GET
2024-06-16T03:50:18.375Z info: GET
2024-06-16T03:50:21.414Z info: GET
2024-06-16T03:51:56.123Z info: Server started on port 3000
2024-06-16T03:51:56.807Z info: MongoDB Connected
2024-06-16T03:52:03.011Z info: Server started on port 3000
2024-06-16T03:52:03.605Z info: MongoDB Connected
2024-06-16T03:52:08.204Z info: Server started on port 3000
2024-06-16T03:52:08.912Z info: MongoDB Connected
2024-06-16T03:52:12.672Z info: Server started on port 3000
