{"level":"info","message":{"duration":0.028,"method":"POST","route":"/login","status_code":400},"timestamp":"2024-06-15T14:29:58.165Z"}
{"level":"info","message":{"duration":0.007,"method":"POST","route":"/login","status_code":400},"timestamp":"2024-06-15T14:30:05.475Z"}
{"level":"info","message":{"duration":0.118,"method":"POST","route":"/signup","status_code":400},"timestamp":"2024-06-15T14:35:16.585Z"}
{"level":"info","message":{"duration":0.143,"method":"POST","route":"/signup","status_code":400},"timestamp":"2024-06-15T14:38:30.087Z"}
{"level":"info","message":{"duration":0.126,"method":"POST","route":"/signup","status_code":400},"timestamp":"2024-06-15T14:43:34.005Z"}
{"level":"info","message":{"duration":0.148,"method":"POST","route":"/signup","status_code":400},"timestamp":"2024-06-15T14:44:11.837Z"}
{"level":"info","message":{"duration":0.137,"method":"POST","route":"/signup","status_code":400},"timestamp":"2024-06-15T14:45:01.973Z"}
{"level":"info","message":{"duration":0.137,"method":"POST","route":"/signup","status_code":400},"timestamp":"2024-06-15T14:47:01.598Z"}
{"level":"info","message":{"duration":0.139,"method":"POST","route":"/signup","status_code":200},"timestamp":"2024-06-15T14:48:01.724Z"}
{"level":"info","message":{"duration":0.101,"method":"POST","route":"/login","status_code":200},"timestamp":"2024-06-15T14:48:30.738Z"}
{"level":"info","message":{"duration":0.009,"method":"POST","route":"/createTeacher","status_code":400},"timestamp":"2024-06-15T14:49:49.341Z"}
{"level":"info","message":{"duration":0.132,"method":"POST","route":"/createTeacher","status_code":200},"timestamp":"2024-06-15T14:49:56.249Z"}
{"level":"info","message":{"duration":0.007,"method":"POST","route":"/login","status_code":400},"timestamp":"2024-06-15T14:50:28.252Z"}
{"level":"info","message":{"duration":0.016,"method":"POST","route":"/login","status_code":400},"timestamp":"2024-06-15T14:56:08.638Z"}
{"level":"info","message":{"duration":0.01,"method":"POST","route":"/createTeacher","status_code":400},"timestamp":"2024-06-15T14:56:47.119Z"}
{"level":"info","message":{"duration":0.038,"method":"POST","route":"/createTeacher","status_code":200},"timestamp":"2024-06-15T14:57:05.576Z"}
{"level":"info","message":{"duration":0.02,"method":"POST","route":"/login","status_code":400},"timestamp":"2024-06-15T14:57:18.054Z"}
{"level":"info","message":{"duration":0.005,"method":"POST","route":"/createTeacher","status_code":400},"timestamp":"2024-06-15T14:59:44.860Z"}
{"level":"info","message":{"duration":0.165,"method":"POST","route":"/createTeacher","status_code":200},"timestamp":"2024-06-15T15:00:01.393Z"}
{"level":"info","message":{"duration":0.109,"method":"POST","route":"/login","status_code":200},"timestamp":"2024-06-15T15:00:18.631Z"}
{"level":"info","message":{"duration":0.025,"method":"POST","route":"/createStudent","status_code":200},"timestamp":"2024-06-15T22:40:02.441Z"}
{"level":"info","message":{"duration":0.02,"method":"GET","route":"/getStudents","status_code":200},"timestamp":"2024-06-15T22:40:02.478Z"}
{"level":"info","message":{"duration":0.007,"method":"GET","route":"/getStudents","status_code":304},"timestamp":"2024-06-15T22:40:02.489Z"}
{"level":"info","message":{"duration":0.009,"method":"GET","route":"/getStudents","status_code":304},"timestamp":"2024-06-15T22:42:17.950Z"}
{"level":"info","message":{"duration":0.011,"method":"GET","route":"/getStudents","status_code":304},"timestamp":"2024-06-15T22:42:17.964Z"}
{"level":"info","message":{"duration":0.085,"method":"GET","route":"/getClassRooms","status_code":200},"timestamp":"2024-06-16T02:03:07.170Z"}
{"level":"info","message":{"duration":0.028,"method":"GET","route":"/getClassRooms","status_code":304},"timestamp":"2024-06-16T02:03:07.204Z"}
{"level":"info","message":{"duration":0.181,"method":"GET","route":"/getStudentsFromClassRoom/666e21c139607181dc6bf82b","status_code":200},"timestamp":"2024-06-16T02:03:11.379Z"}
{"level":"info","message":{"duration":0.324,"method":"GET","route":"/getStudentsFromClassRoom/666e21c139607181dc6bf82b","status_code":304},"timestamp":"2024-06-16T02:03:11.704Z"}
{"level":"info","message":{"duration":0.196,"method":"GET","route":"/getStudentsFromClassRoom/666e21c139607181dc6bf82b","status_code":304},"timestamp":"2024-06-16T02:04:59.821Z"}
{"level":"info","message":{"duration":0.2,"method":"GET","route":"/getStudentsFromClassRoom/666e21c139607181dc6bf82b","status_code":304},"timestamp":"2024-06-16T02:05:07.815Z"}
{"level":"info","message":{"duration":0.082,"method":"GET","route":"/getStudentsFromClassRoom/666e21c139607181dc6bf82b","status_code":304},"timestamp":"2024-06-16T02:05:08.713Z"}
{"level":"info","message":{"duration":0.297,"method":"GET","route":"/getStudentsFromClassRoom/666e21c139607181dc6bf82b","status_code":304},"timestamp":"2024-06-16T02:05:12.919Z"}
{"level":"info","message":{"duration":0.1,"method":"GET","route":"/getStudentsFromClassRoom/666e21c139607181dc6bf82b","status_code":304},"timestamp":"2024-06-16T02:05:17.727Z"}
{"level":"info","message":{"duration":0.282,"method":"GET","route":"/getStudentsFromClassRoom/666e21c139607181dc6bf82b","status_code":304},"timestamp":"2024-06-16T02:05:32.912Z"}
{"level":"info","message":{"duration":0.143,"method":"GET","route":"/getStudentsFromClassRoom/666e21c139607181dc6bf82b","status_code":304},"timestamp":"2024-06-16T02:05:43.770Z"}
{"level":"info","message":{"duration":0.174,"method":"GET","route":"/getStudentsFromClassRoom/666e21c139607181dc6bf82b","status_code":304},"timestamp":"2024-06-16T02:05:48.072Z"}
{"level":"info","message":{"duration":0.116,"method":"GET","route":"/getStudentsFromClassRoom/666e21c139607181dc6bf82b","status_code":304},"timestamp":"2024-06-16T02:05:48.190Z"}
{"level":"info","message":{"duration":0.079,"method":"GET","route":"/getStudentsFromClassRoom/666e21c139607181dc6bf82b","status_code":304},"timestamp":"2024-06-16T02:06:02.694Z"}
{"level":"info","message":{"duration":0.157,"method":"GET","route":"/getStudentsFromClassRoom/666e21c139607181dc6bf82b","status_code":304},"timestamp":"2024-06-16T02:06:06.787Z"}
{"level":"info","message":{"duration":0.067,"method":"GET","route":"/getStudentsFromClassRoom/666e21c139607181dc6bf82b","status_code":304},"timestamp":"2024-06-16T02:06:16.686Z"}
{"level":"info","message":{"duration":0.238,"method":"GET","route":"/getStudentsFromClassRoom/666e21c139607181dc6bf82b","status_code":304},"timestamp":"2024-06-16T02:06:22.853Z"}
{"level":"info","message":{"duration":30.014,"method":"GET","route":"/getStudentsFromClassRoom/666e21c139607181dc6bf82b","status_code":500},"timestamp":"2024-06-16T02:38:34.584Z"}
{"level":"info","message":{"duration":30.011,"method":"POST","route":"/createStudent/666e21c139607181dc6bf82b","status_code":500},"timestamp":"2024-06-16T02:38:44.100Z"}
{"level":"info","message":{"duration":30.015,"method":"POST","route":"/createStudent/666e21c139607181dc6bf82b","status_code":500},"timestamp":"2024-06-16T02:38:45.566Z"}
{"level":"info","message":{"duration":21.948,"method":"GET","route":"/getStudentsFromClassRoom/666e21c139607181dc6bf82b","status_code":200},"timestamp":"2024-06-16T02:39:13.606Z"}
{"level":"info","message":{"duration":2.028,"method":"GET","route":"/getStudentsFromClassRoom/666e21c139607181dc6bf82b","status_code":200},"timestamp":"2024-06-16T02:39:13.697Z"}
{"level":"info","message":{"duration":0.029,"method":"GET","route":"/getStudentsFromClassRoom/666e21c139607181dc6bf82b","status_code":200},"timestamp":"2024-06-16T02:39:21.630Z"}
{"level":"info","message":{"duration":0.075,"method":"GET","route":"/getStudentsFromClassRoom/666e21c139607181dc6bf82b","status_code":304},"timestamp":"2024-06-16T02:40:34.663Z"}
{"level":"info","message":{"duration":0.045,"method":"GET","route":"/getStudentsFromClassRoom/666e21c139607181dc6bf82b","status_code":304},"timestamp":"2024-06-16T02:40:38.630Z"}
{"level":"info","message":{"duration":0.094,"method":"GET","route":"/getStudentsFromClassRoom/666e21c139607181dc6bf82b","status_code":304},"timestamp":"2024-06-16T02:45:51.699Z"}
{"level":"info","message":{"duration":0.049,"method":"GET","route":"/getStudentsFromClassRoom/666e21c139607181dc6bf82b","status_code":304},"timestamp":"2024-06-16T02:45:53.640Z"}
{"level":"info","message":{"duration":0.081,"method":"GET","route":"/getStudentsFromClassRoom/666e21c139607181dc6bf82b","status_code":304},"timestamp":"2024-06-16T02:46:08.692Z"}
{"level":"info","message":{"duration":0.058,"method":"GET","route":"/getStudentsFromClassRoom/666e21c139607181dc6bf82b","status_code":304},"timestamp":"2024-06-16T02:46:11.663Z"}
{"level":"info","message":{"duration":0.113,"method":"GET","route":"/getStudentsFromClassRoom/666e21c139607181dc6bf82b","status_code":304},"timestamp":"2024-06-16T02:46:13.712Z"}
{"level":"info","message":{"duration":0.037,"method":"GET","route":"/getStudentsFromClassRoom/666e21c139607181dc6bf82b","status_code":304},"timestamp":"2024-06-16T02:46:18.624Z"}
{"level":"info","message":{"duration":0.045,"method":"GET","route":"/getStudentsFromClassRoom/666e21c139607181dc6bf82b","status_code":304},"timestamp":"2024-06-16T02:46:36.639Z"}
{"level":"info","message":{"duration":0.081,"method":"GET","route":"/getStudentsFromClassRoom/666e21c139607181dc6bf82b","status_code":304},"timestamp":"2024-06-16T02:46:37.677Z"}
{"level":"info","message":{"duration":0.032,"method":"GET","route":"/getStudentsFromClassRoom/666e21c139607181dc6bf82b","status_code":304},"timestamp":"2024-06-16T02:46:44.621Z"}
{"level":"info","message":{"duration":0.049,"method":"GET","route":"/getStudentsFromClassRoom/666e21c139607181dc6bf82b","status_code":304},"timestamp":"2024-06-16T02:46:44.671Z"}
{"level":"info","message":{"duration":0.085,"method":"GET","route":"/getStudentsFromClassRoom/666e21c139607181dc6bf82b","status_code":304},"timestamp":"2024-06-16T02:47:01.122Z"}
{"level":"info","message":{"duration":0.204,"method":"GET","route":"/getStudentsFromClassRoom/666e21c139607181dc6bf82b","status_code":304},"timestamp":"2024-06-16T02:47:01.328Z"}
{"level":"info","message":{"duration":0.017,"method":"GET","route":"/getStudentsFromClassRoom/666e2c9aecd95486e71013bf","status_code":500},"timestamp":"2024-06-16T02:47:09.634Z"}
{"level":"info","message":{"duration":0.085,"method":"GET","route":"/getStudentsFromClassRoom/666e2c9aecd95486e71013bf","status_code":500},"timestamp":"2024-06-16T02:47:09.722Z"}
{"level":"info","message":{"duration":0.139,"method":"GET","route":"/getStudentsFromClassRoom/666e2c9aecd95486e71013bf","status_code":500},"timestamp":"2024-06-16T02:47:13.519Z"}
{"level":"info","message":{"duration":0.031,"method":"GET","route":"/getStudentsFromClassRoom/666e2c9aecd95486e71013bf","status_code":500},"timestamp":"2024-06-16T02:47:13.554Z"}
{"level":"info","message":{"duration":0.017,"method":"GET","route":"/getClassRooms","status_code":200},"timestamp":"2024-06-16T02:47:24.434Z"}
{"level":"info","message":{"duration":0.034,"method":"GET","route":"/getClassRooms","status_code":304},"timestamp":"2024-06-16T02:47:24.469Z"}
{"level":"info","message":{"duration":0.134,"method":"GET","route":"/getStudentsFromClassRoom/666e21c139607181dc6bf82b","status_code":304},"timestamp":"2024-06-16T02:47:28.053Z"}
{"level":"info","message":{"duration":0.1,"method":"GET","route":"/getStudentsFromClassRoom/666e21c139607181dc6bf82b","status_code":304},"timestamp":"2024-06-16T02:47:28.155Z"}
{"level":"info","message":{"duration":0.121,"method":"GET","route":"/getStudentsFromClassRoom/666e21c139607181dc6bf82b","status_code":304},"timestamp":"2024-06-16T02:47:31.946Z"}
{"level":"info","message":{"duration":0.113,"method":"GET","route":"/getStudentsFromClassRoom/666e21c139607181dc6bf82b","status_code":304},"timestamp":"2024-06-16T02:47:32.061Z"}
{"level":"info","message":{"duration":0.06,"method":"GET","route":"/getStudentsFromClassRoom/666e21c139607181dc6bf82b","status_code":304},"timestamp":"2024-06-16T02:48:24.646Z"}
{"level":"info","message":{"duration":0.132,"method":"GET","route":"/getStudentsFromClassRoom/666e21c139607181dc6bf82b","status_code":304},"timestamp":"2024-06-16T02:48:34.725Z"}
{"level":"info","message":{"duration":0.084,"method":"GET","route":"/getStudentsFromClassRoom/666e21c139607181dc6bf82b","status_code":304},"timestamp":"2024-06-16T02:48:36.676Z"}
{"level":"info","message":{"duration":0.103,"method":"GET","route":"/getStudentsFromClassRoom/666e21c139607181dc6bf82b","status_code":304},"timestamp":"2024-06-16T02:48:46.699Z"}
{"level":"info","message":{"duration":0.029,"method":"GET","route":"/getStudentsFromClassRoom/666e21c139607181dc6bf82b","status_code":304},"timestamp":"2024-06-16T02:48:51.620Z"}
{"level":"info","message":{"duration":0.074,"method":"GET","route":"/getStudentsFromClassRoom/666e21c139607181dc6bf82b","status_code":304},"timestamp":"2024-06-16T02:48:57.656Z"}
{"level":"info","message":{"duration":0.318,"method":"GET","route":"/getStudentsFromClassRoom/666e21c139607181dc6bf82b","status_code":304},"timestamp":"2024-06-16T02:49:50.903Z"}
{"level":"info","message":{"duration":0.133,"method":"GET","route":"/getStudentsFromClassRoom/666e21c139607181dc6bf82b","status_code":304},"timestamp":"2024-06-16T02:49:51.730Z"}
{"level":"info","message":{"duration":0.063,"method":"GET","route":"/getStudentsFromClassRoom/666e21c139607181dc6bf82b","status_code":304},"timestamp":"2024-06-16T02:50:18.667Z"}
{"level":"info","message":{"duration":0.102,"method":"GET","route":"/getStudentsFromClassRoom/666e21c139607181dc6bf82b","status_code":304},"timestamp":"2024-06-16T02:50:29.711Z"}
{"level":"info","message":{"duration":0.18,"method":"GET","route":"/getStudentsFromClassRoom/666e21c139607181dc6bf82b","status_code":304},"timestamp":"2024-06-16T02:50:31.774Z"}
{"level":"info","message":{"duration":0.108,"method":"GET","route":"/getStudentsFromClassRoom/666e21c139607181dc6bf82b","status_code":304},"timestamp":"2024-06-16T02:50:33.705Z"}
{"level":"info","message":{"duration":0.144,"method":"GET","route":"/getStudentsFromClassRoom/666e21c139607181dc6bf82b","status_code":304},"timestamp":"2024-06-16T02:50:34.727Z"}
{"level":"info","message":{"duration":0.08,"method":"GET","route":"/getStudentsFromClassRoom/666e21c139607181dc6bf82b","status_code":304},"timestamp":"2024-06-16T02:50:40.671Z"}
{"level":"info","message":{"duration":0.049,"method":"GET","route":"/getStudentsFromClassRoom/666e21c139607181dc6bf82b","status_code":304},"timestamp":"2024-06-16T02:50:43.630Z"}
{"level":"info","message":{"duration":0.091,"method":"GET","route":"/getStudentsFromClassRoom/666e21c139607181dc6bf82b","status_code":304},"timestamp":"2024-06-16T02:54:02.704Z"}
{"level":"info","message":{"duration":0.035,"method":"GET","route":"/getStudentsFromClassRoom/666e21c139607181dc6bf82b","status_code":304},"timestamp":"2024-06-16T02:54:13.628Z"}
{"level":"info","message":{"duration":0.035,"method":"GET","route":"/getStudentsFromClassRoom/666e21c139607181dc6bf82b","status_code":304},"timestamp":"2024-06-16T02:54:18.647Z"}
{"level":"info","message":{"duration":0.029,"method":"GET","route":"/getStudentsFromClassRoom/666e21c139607181dc6bf82b","status_code":304},"timestamp":"2024-06-16T02:54:18.679Z"}
{"level":"info","message":{"duration":0.004,"method":"GET","route":"/api/","status_code":404},"timestamp":"2024-06-16T02:54:59.590Z"}
{"level":"info","message":{"duration":0.005,"method":"GET","route":"/api/pas","status_code":404},"timestamp":"2024-06-16T02:55:01.600Z"}
{"level":"info","message":{"duration":0.001,"method":"GET","route":"/api/pasData","status_code":404},"timestamp":"2024-06-16T02:55:03.591Z"}
{"level":"info","message":{"duration":0.005,"method":"GET","route":"/api/pastData","status_code":404},"timestamp":"2024-06-16T02:55:07.607Z"}
{"level":"info","message":{"duration":0.004,"method":"GET","route":"/api/pastData/","status_code":404},"timestamp":"2024-06-16T02:55:09.604Z"}
{"level":"info","message":{"duration":0.04,"method":"GET","route":"/getPastData/:id","status_code":500},"timestamp":"2024-06-16T02:55:10.631Z"}
{"level":"info","message":{"duration":0.092,"method":"GET","route":"/getStudentsFromClassRoom/666e21c139607181dc6bf82b","status_code":304},"timestamp":"2024-06-16T02:56:52.636Z"}
{"level":"info","message":{"duration":0.045,"method":"GET","route":"/getStudentsFromClassRoom/666e21c139607181dc6bf82b","status_code":304},"timestamp":"2024-06-16T02:56:52.689Z"}
{"level":"info","message":{"duration":0.047,"method":"GET","route":"/getPastData/:id","status_code":500},"timestamp":"2024-06-16T02:56:55.354Z"}
{"level":"info","message":{"duration":0.082,"method":"GET","route":"/getStudentsFromClassRoom/666e21c139607181dc6bf82b","status_code":304},"timestamp":"2024-06-16T02:57:21.680Z"}
{"level":"info","message":{"duration":0.097,"method":"GET","route":"/getStudentsFromClassRoom/666e21c139607181dc6bf82b","status_code":304},"timestamp":"2024-06-16T02:57:22.690Z"}
{"level":"info","message":{"duration":0.019,"method":"GET","route":"/getPastData/$%7Bid%7D","status_code":500},"timestamp":"2024-06-16T02:57:28.792Z"}
{"level":"info","message":{"duration":0.047,"method":"GET","route":"/getStudentsFromClassRoom/666e21c139607181dc6bf82b","status_code":304},"timestamp":"2024-06-16T02:59:21.631Z"}
{"level":"info","message":{"duration":0.017,"method":"GET","route":"/getPastData/666e21c139607181dc6bf82b","status_code":500},"timestamp":"2024-06-16T02:59:27.774Z"}
{"level":"info","message":{"duration":0.043,"method":"GET","route":"/getStudentsFromClassRoom/666e21c139607181dc6bf82b","status_code":304},"timestamp":"2024-06-16T02:59:40.639Z"}
{"level":"info","message":{"duration":0.034,"method":"GET","route":"/getStudentsFromClassRoom/666e21c139607181dc6bf82b","status_code":304},"timestamp":"2024-06-16T02:59:47.622Z"}
{"level":"info","message":{"duration":0.059,"method":"GET","route":"/getStudentsFromClassRoom/666e21c139607181dc6bf82b","status_code":304},"timestamp":"2024-06-16T02:59:50.657Z"}
{"level":"info","message":{"duration":0.197,"method":"GET","route":"/getStudentsFromClassRoom/666e21c139607181dc6bf82b","status_code":304},"timestamp":"2024-06-16T02:59:51.786Z"}
{"level":"info","message":{"duration":0.093,"method":"GET","route":"/getStudentsFromClassRoom/666e21c139607181dc6bf82b","status_code":304},"timestamp":"2024-06-16T03:01:53.021Z"}
{"level":"info","message":{"duration":0.115,"method":"GET","route":"/getStudentsFromClassRoom/666e21c139607181dc6bf82b","status_code":304},"timestamp":"2024-06-16T03:01:53.139Z"}
{"level":"info","message":{"duration":0.023,"method":"GET","route":"/getPastData/666e21c139607181dc6bf82b","status_code":500},"timestamp":"2024-06-16T03:05:51.099Z"}
{"level":"info","message":{"duration":0.025,"method":"GET","route":"/getClassRooms","status_code":200},"timestamp":"2024-06-16T03:06:27.643Z"}
{"level":"info","message":{"duration":0.119,"method":"GET","route":"/getClassRooms","status_code":304},"timestamp":"2024-06-16T03:06:27.765Z"}
{"level":"info","message":{"duration":0.152,"method":"GET","route":"/getStudentsFromClassRoom/666e2632bc4bdefed3882d8e","status_code":200},"timestamp":"2024-06-16T03:06:30.862Z"}
{"level":"info","message":{"duration":0.039,"method":"GET","route":"/getStudentsFromClassRoom/666e2632bc4bdefed3882d8e","status_code":304},"timestamp":"2024-06-16T03:06:30.903Z"}
{"level":"info","message":{"duration":0.025,"method":"GET","route":"/getClassRooms","status_code":304},"timestamp":"2024-06-16T03:06:32.946Z"}
{"level":"info","message":{"duration":0.041,"method":"GET","route":"/getClassRooms","status_code":304},"timestamp":"2024-06-16T03:06:32.990Z"}
{"level":"info","message":{"duration":0.121,"method":"GET","route":"/getStudentsFromClassRoom/666e21c139607181dc6bf82b","status_code":304},"timestamp":"2024-06-16T03:06:34.325Z"}
{"level":"info","message":{"duration":0.097,"method":"GET","route":"/getStudentsFromClassRoom/666e21c139607181dc6bf82b","status_code":304},"timestamp":"2024-06-16T03:06:34.426Z"}
{"level":"info","message":{"duration":0.019,"method":"GET","route":"/getPastData/666e21c139607181dc6bf82b","status_code":500},"timestamp":"2024-06-16T03:06:40.433Z"}
{"level":"info","message":{"duration":0.097,"method":"GET","route":"/getStudentsFromClassRoom/666e21c139607181dc6bf82b","status_code":304},"timestamp":"2024-06-16T03:08:30.360Z"}
{"level":"info","message":{"duration":0.089,"method":"GET","route":"/getStudentsFromClassRoom/666e21c139607181dc6bf82b","status_code":304},"timestamp":"2024-06-16T03:08:30.460Z"}
{"level":"info","message":{"duration":0.022,"method":"GET","route":"/getPastData/666e21c139607181dc6bf82b","status_code":500},"timestamp":"2024-06-16T03:08:36.004Z"}
{"level":"info","message":{"duration":0.107,"method":"GET","route":"/getPastData/666e21c139607181dc6bf82b","status_code":500},"timestamp":"2024-06-16T03:10:25.249Z"}
{"level":"info","message":{"duration":0.149,"method":"GET","route":"/getStudentsFromClassRoom/666e21c139607181dc6bf82b","status_code":304},"timestamp":"2024-06-16T03:12:01.941Z"}
{"level":"info","message":{"duration":0.083,"method":"GET","route":"/getStudentsFromClassRoom/666e21c139607181dc6bf82b","status_code":304},"timestamp":"2024-06-16T03:12:02.040Z"}
{"level":"info","message":{"duration":0.032,"method":"GET","route":"/getPastData/666e21c139607181dc6bf82b","status_code":200},"timestamp":"2024-06-16T03:12:02.801Z"}
{"level":"info","message":{"duration":0.067,"method":"GET","route":"/getStudentsFromClassRoom/666e21c139607181dc6bf82b","status_code":304},"timestamp":"2024-06-16T03:17:42.690Z"}
{"level":"info","message":{"duration":0.054,"method":"GET","route":"/getStudentsFromClassRoom/666e21c139607181dc6bf82b","status_code":304},"timestamp":"2024-06-16T03:17:54.665Z"}
{"level":"info","message":{"duration":0.125,"method":"GET","route":"/getStudentsFromClassRoom/666e21c139607181dc6bf82b","status_code":304},"timestamp":"2024-06-16T03:17:56.721Z"}
{"level":"info","message":{"duration":0.06,"method":"GET","route":"/getStudentsFromClassRoom/666e21c139607181dc6bf82b","status_code":304},"timestamp":"2024-06-16T03:21:13.066Z"}
{"level":"info","message":{"duration":0.051,"method":"GET","route":"/getStudentsFromClassRoom/666e21c139607181dc6bf82b","status_code":304},"timestamp":"2024-06-16T03:21:13.122Z"}
{"level":"info","message":{"duration":0.104,"method":"GET","route":"/getStudentsFromClassRoom/666e21c139607181dc6bf82b","status_code":304},"timestamp":"2024-06-16T03:21:20.098Z"}
{"level":"info","message":{"duration":0.196,"method":"GET","route":"/getStudentsFromClassRoom/666e21c139607181dc6bf82b","status_code":304},"timestamp":"2024-06-16T03:21:20.298Z"}
{"level":"info","message":{"duration":0.07,"method":"GET","route":"/getStudentsFromClassRoom/666e21c139607181dc6bf82b","status_code":304},"timestamp":"2024-06-16T03:21:26.110Z"}
{"level":"info","message":{"duration":0.105,"method":"GET","route":"/getStudentsFromClassRoom/666e21c139607181dc6bf82b","status_code":304},"timestamp":"2024-06-16T03:21:26.227Z"}
{"level":"info","message":{"duration":0.132,"method":"GET","route":"/getStudentsFromClassRoom/666e21c139607181dc6bf82b","status_code":304},"timestamp":"2024-06-16T03:21:28.071Z"}
{"level":"info","message":{"duration":0.204,"method":"GET","route":"/getStudentsFromClassRoom/666e21c139607181dc6bf82b","status_code":304},"timestamp":"2024-06-16T03:21:28.277Z"}
{"level":"info","message":{"duration":0.08,"method":"GET","route":"/getStudentsFromClassRoom/666e21c139607181dc6bf82b","status_code":304},"timestamp":"2024-06-16T03:21:50.186Z"}
{"level":"info","message":{"duration":0.046,"method":"GET","route":"/getStudentsFromClassRoom/666e21c139607181dc6bf82b","status_code":304},"timestamp":"2024-06-16T03:21:50.237Z"}
{"level":"info","message":{"duration":0.05,"method":"GET","route":"/getStudentsFromClassRoom/666e21c139607181dc6bf82b","status_code":304},"timestamp":"2024-06-16T03:21:53.005Z"}
{"level":"info","message":{"duration":0.163,"method":"GET","route":"/getStudentsFromClassRoom/666e21c139607181dc6bf82b","status_code":304},"timestamp":"2024-06-16T03:21:53.170Z"}
{"level":"info","message":{"duration":0.019,"method":"GET","route":"/getPastData/666e21c139607181dc6bf82b","status_code":304},"timestamp":"2024-06-16T03:22:02.058Z"}
{"level":"info","message":{"duration":0.051,"method":"GET","route":"/getStudentsFromClassRoom/666e21c139607181dc6bf82b","status_code":304},"timestamp":"2024-06-16T03:22:26.660Z"}
{"level":"info","message":{"duration":0.036,"method":"GET","route":"/getClassRooms","status_code":304},"timestamp":"2024-06-16T03:24:16.859Z"}
{"level":"info","message":{"duration":0.065,"method":"GET","route":"/getClassRooms","status_code":304},"timestamp":"2024-06-16T03:24:16.930Z"}
{"level":"info","message":{"duration":0.14,"method":"GET","route":"/getStudentsFromClassRoom/666e2632bc4bdefed3882d8e","status_code":304},"timestamp":"2024-06-16T03:24:19.077Z"}
{"level":"info","message":{"duration":0.109,"method":"GET","route":"/getStudentsFromClassRoom/666e2632bc4bdefed3882d8e","status_code":304},"timestamp":"2024-06-16T03:24:19.190Z"}
{"level":"info","message":{"duration":0.014,"method":"GET","route":"/getClassRooms","status_code":304},"timestamp":"2024-06-16T03:24:21.195Z"}
{"level":"info","message":{"duration":0.03,"method":"GET","route":"/getClassRooms","status_code":304},"timestamp":"2024-06-16T03:24:21.226Z"}
{"level":"info","message":{"duration":0.056,"method":"GET","route":"/getStudentsFromClassRoom/666e21c139607181dc6bf82b","status_code":304},"timestamp":"2024-06-16T03:24:22.658Z"}
{"level":"info","message":{"duration":0.204,"method":"GET","route":"/getStudentsFromClassRoom/666e21c139607181dc6bf82b","status_code":304},"timestamp":"2024-06-16T03:24:22.863Z"}
{"level":"info","message":{"duration":0.06,"method":"GET","route":"/getPastData/666e21c139607181dc6bf82b","status_code":304},"timestamp":"2024-06-16T03:24:26.250Z"}
{"level":"info","message":{"duration":0.045,"method":"GET","route":"/getPastData/666e21c139607181dc6bf82b","status_code":304},"timestamp":"2024-06-16T03:24:28.100Z"}
{"level":"info","message":{"duration":0.027,"method":"GET","route":"/getPastData/666e21c139607181dc6bf82b","status_code":304},"timestamp":"2024-06-16T03:24:28.258Z"}
{"level":"info","message":{"duration":0.109,"method":"GET","route":"/getStudentsFromClassRoom/666e21c139607181dc6bf82b","status_code":304},"timestamp":"2024-06-16T03:24:46.722Z"}
{"level":"info","message":{"duration":0.062,"method":"GET","route":"/getStudentsFromClassRoom/666e21c139607181dc6bf82b","status_code":304},"timestamp":"2024-06-16T03:24:47.656Z"}
{"level":"info","message":{"duration":0.02,"method":"GET","route":"/getPastData/666e21c139607181dc6bf82b","status_code":304},"timestamp":"2024-06-16T03:25:57.430Z"}
{"level":"info","message":{"duration":0.127,"method":"GET","route":"/getPastData/666e21c139607181dc6bf82b","status_code":304},"timestamp":"2024-06-16T03:25:58.096Z"}
{"level":"info","message":{"duration":0.023,"method":"GET","route":"/getPastData/666e21c139607181dc6bf82b","status_code":304},"timestamp":"2024-06-16T03:25:58.133Z"}
{"level":"info","message":{"duration":0.019,"method":"GET","route":"/getPastData/666e21c139607181dc6bf82b","status_code":304},"timestamp":"2024-06-16T03:25:58.277Z"}
{"level":"info","message":{"duration":0.017,"method":"GET","route":"/getPastData/666e21c139607181dc6bf82b","status_code":304},"timestamp":"2024-06-16T03:25:58.450Z"}
{"level":"info","message":{"duration":0.015,"method":"GET","route":"/getPastData/666e21c139607181dc6bf82b","status_code":304},"timestamp":"2024-06-16T03:25:58.672Z"}
{"level":"info","message":{"duration":0.044,"method":"GET","route":"/getStudentsFromClassRoom/666e21c139607181dc6bf82b","status_code":304},"timestamp":"2024-06-16T03:26:12.638Z"}
{"level":"info","message":{"duration":0.048,"method":"GET","route":"/getStudentsFromClassRoom/666e21c139607181dc6bf82b","status_code":304},"timestamp":"2024-06-16T03:26:13.648Z"}
{"level":"info","message":{"duration":0.051,"method":"GET","route":"/getStudentsFromClassRoom/666e21c139607181dc6bf82b","status_code":304},"timestamp":"2024-06-16T03:26:38.646Z"}
{"level":"info","message":{"duration":0.042,"method":"GET","route":"/getStudentsFromClassRoom/666e21c139607181dc6bf82b","status_code":304},"timestamp":"2024-06-16T03:27:01.624Z"}
{"level":"info","message":{"duration":0.117,"method":"GET","route":"/getStudentsFromClassRoom/666e21c139607181dc6bf82b","status_code":304},"timestamp":"2024-06-16T03:27:02.710Z"}
{"level":"info","message":{"duration":0.078,"method":"GET","route":"/getStudentsFromClassRoom/666e21c139607181dc6bf82b","status_code":304},"timestamp":"2024-06-16T03:27:09.673Z"}
{"level":"info","message":{"duration":0.018,"method":"GET","route":"/getPastData/666e21c139607181dc6bf82b","status_code":304},"timestamp":"2024-06-16T03:27:17.991Z"}
{"level":"info","message":{"duration":0.163,"method":"GET","route":"/getStudentsFromClassRoom/666e21c139607181dc6bf82b","status_code":304},"timestamp":"2024-06-16T03:28:08.760Z"}
{"level":"info","message":{"duration":0.063,"method":"GET","route":"/getStudentsFromClassRoom/666e21c139607181dc6bf82b","status_code":304},"timestamp":"2024-06-16T03:28:13.676Z"}
{"level":"info","message":{"duration":0.065,"method":"GET","route":"/getStudentsFromClassRoom/666e21c139607181dc6bf82b","status_code":304},"timestamp":"2024-06-16T03:33:37.655Z"}
{"level":"info","message":{"duration":0.05,"method":"GET","route":"/getStudentsFromClassRoom/666e21c139607181dc6bf82b","status_code":304},"timestamp":"2024-06-16T03:33:40.634Z"}
{"level":"info","message":{"duration":0.02,"method":"GET","route":"/getPastData/666e21c139607181dc6bf82b","status_code":304},"timestamp":"2024-06-16T03:34:29.753Z"}
{"level":"info","message":{"duration":0.017,"method":"GET","route":"/getPastData/666e21c139607181dc6bf82b","status_code":304},"timestamp":"2024-06-16T03:34:30.460Z"}
{"level":"info","message":{"duration":0.017,"method":"GET","route":"/getPastData/666e21c139607181dc6bf82b","status_code":304},"timestamp":"2024-06-16T03:34:30.621Z"}
{"level":"info","message":{"duration":0.019,"method":"GET","route":"/getClassRooms","status_code":304},"timestamp":"2024-06-16T03:34:34.472Z"}
{"level":"info","message":{"duration":0.028,"method":"GET","route":"/getClassRooms","status_code":304},"timestamp":"2024-06-16T03:34:34.501Z"}
{"level":"info","message":{"duration":0.05,"method":"GET","route":"/getStudentsFromClassRoom/666e1ab54733460ff2654211","status_code":200},"timestamp":"2024-06-16T03:34:36.067Z"}
{"level":"info","message":{"duration":0.067,"method":"GET","route":"/getStudentsFromClassRoom/666e1ab54733460ff2654211","status_code":304},"timestamp":"2024-06-16T03:34:36.135Z"}
{"level":"info","message":{"duration":0.021,"method":"GET","route":"/getPastData/666e1ab54733460ff2654211","status_code":200},"timestamp":"2024-06-16T03:34:41.685Z"}
{"level":"info","message":{"duration":0.043,"method":"GET","route":"/getStudentsFromClassRoom/666e1ab54733460ff2654211","status_code":304},"timestamp":"2024-06-16T03:36:48.642Z"}
{"level":"info","message":{"duration":0.075,"method":"GET","route":"/getStudentsFromClassRoom/666e1ab54733460ff2654211","status_code":304},"timestamp":"2024-06-16T03:36:49.666Z"}
{"level":"info","message":{"duration":0.038,"method":"GET","route":"/getStudentsFromClassRoom/666e1ab54733460ff2654211","status_code":304},"timestamp":"2024-06-16T03:36:52.635Z"}
{"level":"info","message":{"duration":0.019,"method":"GET","route":"/getPastData/666e1ab54733460ff2654211","status_code":304},"timestamp":"2024-06-16T03:36:55.127Z"}
{"level":"info","message":{"duration":0.103,"method":"GET","route":"/getStudentsFromClassRoom/666e1ab54733460ff2654211","status_code":304},"timestamp":"2024-06-16T03:37:12.704Z"}
{"level":"info","message":{"duration":0.056,"method":"GET","route":"/getStudentsFromClassRoom/666e1ab54733460ff2654211","status_code":304},"timestamp":"2024-06-16T03:37:18.362Z"}
{"level":"info","message":{"duration":0.016,"method":"GET","route":"/getPastData/666e1ab54733460ff2654211","status_code":304},"timestamp":"2024-06-16T03:37:22.209Z"}
{"level":"info","message":{"duration":0.143,"method":"GET","route":"/getClassRooms","status_code":304},"timestamp":"2024-06-16T03:39:24.714Z"}
{"level":"info","message":{"duration":0.024,"method":"GET","route":"/getClassRooms","status_code":304},"timestamp":"2024-06-16T03:39:24.743Z"}
{"level":"info","message":{"duration":0.102,"method":"GET","route":"/getStudentsFromClassRoom/666e1ab54733460ff2654211","status_code":304},"timestamp":"2024-06-16T03:39:26.654Z"}
{"level":"info","message":{"duration":0.078,"method":"GET","route":"/getStudentsFromClassRoom/666e1ab54733460ff2654211","status_code":304},"timestamp":"2024-06-16T03:39:26.735Z"}
{"level":"info","message":{"duration":0.025,"method":"GET","route":"/getPastData/666e227a56ed08a682a5a127","status_code":200},"timestamp":"2024-06-16T03:39:28.314Z"}
{"level":"info","message":{"duration":0.016,"method":"GET","route":"/getPastData/666e227a56ed08a682a5a127","status_code":304},"timestamp":"2024-06-16T03:39:29.384Z"}
{"level":"info","message":{"duration":0.018,"method":"GET","route":"/getPastData/666e227a56ed08a682a5a127","status_code":304},"timestamp":"2024-06-16T03:39:30.091Z"}
{"level":"info","message":{"duration":0.084,"method":"GET","route":"/getStudentsFromClassRoom/666e1ab54733460ff2654211","status_code":304},"timestamp":"2024-06-16T03:39:59.721Z"}
{"level":"info","message":{"duration":0.039,"method":"GET","route":"/getStudentsFromClassRoom/666e1ab54733460ff2654211","status_code":304},"timestamp":"2024-06-16T03:40:01.628Z"}
{"level":"info","message":{"duration":0.123,"method":"GET","route":"/getStudentsFromClassRoom/666e1ab54733460ff2654211","status_code":304},"timestamp":"2024-06-16T03:40:07.715Z"}
{"level":"info","message":{"duration":0.127,"method":"GET","route":"/getStudentsFromClassRoom/666e1ab54733460ff2654211","status_code":304},"timestamp":"2024-06-16T03:42:14.719Z"}
{"level":"info","message":{"duration":0.051,"method":"GET","route":"/getStudentsFromClassRoom/666e1ab54733460ff2654211","status_code":304},"timestamp":"2024-06-16T03:45:03.648Z"}
{"level":"info","message":{"duration":0.097,"method":"GET","route":"/getStudentsFromClassRoom/666e1ab54733460ff2654211","status_code":304},"timestamp":"2024-06-16T03:45:05.694Z"}
{"level":"info","message":{"duration":0.049,"method":"GET","route":"/getStudentsFromClassRoom/666e1ab54733460ff2654211","status_code":304},"timestamp":"2024-06-16T03:45:06.638Z"}
{"level":"info","message":{"duration":0.041,"method":"GET","route":"/getStudentsFromClassRoom/666e1ab54733460ff2654211","status_code":304},"timestamp":"2024-06-16T03:45:06.683Z"}
{"level":"info","message":{"duration":0.034,"method":"GET","route":"/getStudentsFromClassRoom/666e1ab54733460ff2654211","status_code":304},"timestamp":"2024-06-16T03:45:24.627Z"}
{"level":"info","message":{"duration":0.126,"method":"GET","route":"/getStudentsFromClassRoom/666e1ab54733460ff2654211","status_code":304},"timestamp":"2024-06-16T03:45:36.723Z"}
{"level":"info","message":{"duration":0.113,"method":"GET","route":"/getStudentsFromClassRoom/666e1ab54733460ff2654211","status_code":304},"timestamp":"2024-06-16T03:45:44.713Z"}
{"level":"info","message":{"duration":0.046,"method":"GET","route":"/getStudentsFromClassRoom/666e1ab54733460ff2654211","status_code":304},"timestamp":"2024-06-16T03:45:53.652Z"}
{"level":"info","message":{"duration":0.058,"method":"GET","route":"/getStudentsFromClassRoom/666e1ab54733460ff2654211","status_code":304},"timestamp":"2024-06-16T03:45:58.657Z"}
{"level":"info","message":{"duration":0.105,"method":"GET","route":"/getStudentsFromClassRoom/666e1ab54733460ff2654211","status_code":304},"timestamp":"2024-06-16T03:46:01.717Z"}
{"level":"info","message":{"duration":0.042,"method":"GET","route":"/getStudentsFromClassRoom/666e1ab54733460ff2654211","status_code":304},"timestamp":"2024-06-16T03:46:03.628Z"}
{"level":"info","message":{"duration":0.04,"method":"GET","route":"/getStudentsFromClassRoom/666e1ab54733460ff2654211","status_code":304},"timestamp":"2024-06-16T03:46:05.641Z"}
{"level":"info","message":{"duration":0.055,"method":"GET","route":"/getStudentsFromClassRoom/666e1ab54733460ff2654211","status_code":304},"timestamp":"2024-06-16T03:46:14.646Z"}
{"level":"info","message":{"duration":0.037,"method":"GET","route":"/getStudentsFromClassRoom/666e1ab54733460ff2654211","status_code":304},"timestamp":"2024-06-16T03:47:09.628Z"}
{"level":"info","message":{"duration":0.093,"method":"GET","route":"/getStudentsFromClassRoom/666e1ab54733460ff2654211","status_code":304},"timestamp":"2024-06-16T03:47:09.723Z"}
{"level":"info","message":{"duration":0.15,"method":"GET","route":"/getStudentsFromClassRoom/666e1ab54733460ff2654211","status_code":304},"timestamp":"2024-06-16T03:47:11.759Z"}
{"level":"info","message":{"duration":0.057,"method":"GET","route":"/getStudentsFromClassRoom/666e1ab54733460ff2654211","status_code":304},"timestamp":"2024-06-16T03:47:11.819Z"}
{"level":"info","message":{"duration":0.047,"method":"GET","route":"/getStudentsFromClassRoom/666e1ab54733460ff2654211","status_code":304},"timestamp":"2024-06-16T03:47:21.631Z"}
{"level":"info","message":{"duration":0.104,"method":"GET","route":"/getStudentsFromClassRoom/666e1ab54733460ff2654211","status_code":304},"timestamp":"2024-06-16T03:47:31.714Z"}
{"level":"info","message":{"duration":0.061,"method":"GET","route":"/getStudentsFromClassRoom/666e1ab54733460ff2654211","status_code":304},"timestamp":"2024-06-16T03:47:33.659Z"}
{"level":"info","message":{"duration":0.04,"method":"GET","route":"/getStudentsFromClassRoom/666e1ab54733460ff2654211","status_code":304},"timestamp":"2024-06-16T03:47:45.636Z"}
{"level":"info","message":{"duration":0.043,"method":"GET","route":"/getStudentsFromClassRoom/666e1ab54733460ff2654211","status_code":304},"timestamp":"2024-06-16T03:47:54.636Z"}
{"level":"info","message":{"duration":0.042,"method":"GET","route":"/getStudentsFromClassRoom/666e1ab54733460ff2654211","status_code":304},"timestamp":"2024-06-16T03:47:54.680Z"}
{"level":"info","message":{"duration":0.045,"method":"GET","route":"/getStudentsFromClassRoom/666e1ab54733460ff2654211","status_code":304},"timestamp":"2024-06-16T03:48:20.633Z"}
{"level":"info","message":{"duration":0.141,"method":"GET","route":"/getStudentsFromClassRoom/666e1ab54733460ff2654211","status_code":304},"timestamp":"2024-06-16T03:48:23.736Z"}
{"level":"info","message":{"duration":0.032,"method":"GET","route":"/getStudentsFromClassRoom/666e1ab54733460ff2654211","status_code":304},"timestamp":"2024-06-16T03:48:25.628Z"}
{"level":"info","message":{"duration":0.052,"method":"GET","route":"/getStudentsFromClassRoom/666e1ab54733460ff2654211","status_code":304},"timestamp":"2024-06-16T03:48:35.650Z"}
{"level":"info","message":{"duration":0.04,"method":"GET","route":"/getStudentsFromClassRoom/666e1ab54733460ff2654211","status_code":304},"timestamp":"2024-06-16T03:48:39.634Z"}
{"level":"info","message":{"duration":0.056,"method":"GET","route":"/getStudentsFromClassRoom/666e1ab54733460ff2654211","status_code":304},"timestamp":"2024-06-16T03:48:45.645Z"}
{"level":"info","message":{"duration":0.16,"method":"GET","route":"/getStudentsFromClassRoom/666e1ab54733460ff2654211","status_code":304},"timestamp":"2024-06-16T03:48:56.767Z"}
{"level":"info","message":{"duration":0.076,"method":"GET","route":"/getStudentsFromClassRoom/666e1ab54733460ff2654211","status_code":304},"timestamp":"2024-06-16T03:48:59.675Z"}
{"level":"info","message":{"duration":0.038,"method":"GET","route":"/getStudentsFromClassRoom/666e1ab54733460ff2654211","status_code":304},"timestamp":"2024-06-16T03:49:03.633Z"}
{"level":"info","message":{"duration":0.099,"method":"GET","route":"/getStudentsFromClassRoom/666e1ab54733460ff2654211","status_code":304},"timestamp":"2024-06-16T03:49:04.692Z"}
{"level":"info","message":{"duration":0.135,"method":"GET","route":"/getStudentsFromClassRoom/666e1ab54733460ff2654211","status_code":304},"timestamp":"2024-06-16T03:49:10.738Z"}
{"level":"info","message":{"duration":0.054,"method":"GET","route":"/getStudentsFromClassRoom/666e1ab54733460ff2654211","status_code":304},"timestamp":"2024-06-16T03:49:14.680Z"}
{"level":"info","message":{"duration":0.12,"method":"GET","route":"/getStudentsFromClassRoom/666e1ab54733460ff2654211","status_code":304},"timestamp":"2024-06-16T03:49:19.714Z"}
{"level":"info","message":{"duration":0.158,"method":"GET","route":"/getStudentsFromClassRoom/666e1ab54733460ff2654211","status_code":304},"timestamp":"2024-06-16T03:49:24.765Z"}
{"level":"info","message":{"duration":0.047,"method":"GET","route":"/getStudentsFromClassRoom/666e1ab54733460ff2654211","status_code":304},"timestamp":"2024-06-16T03:49:31.608Z"}
{"level":"info","message":{"duration":0.164,"method":"GET","route":"/getStudentsFromClassRoom/666e1ab54733460ff2654211","status_code":304},"timestamp":"2024-06-16T03:49:31.775Z"}
{"level":"info","message":{"duration":0.019,"method":"GET","route":"/getPastData/666e213239607181dc6bf805","status_code":200},"timestamp":"2024-06-16T03:49:33.933Z"}
{"level":"info","message":{"duration":0.043,"method":"GET","route":"/getStudentsFromClassRoom/666e1ab54733460ff2654211","status_code":304},"timestamp":"2024-06-16T03:50:02.654Z"}
{"level":"info","message":{"duration":0.129,"method":"GET","route":"/getStudentsFromClassRoom/666e1ab54733460ff2654211","status_code":304},"timestamp":"2024-06-16T03:50:04.736Z"}
{"level":"info","message":{"duration":0.086,"method":"GET","route":"/getStudentsFromClassRoom/666e1ab54733460ff2654211","status_code":304},"timestamp":"2024-06-16T03:50:06.348Z"}
{"level":"info","message":{"duration":0.055,"method":"GET","route":"/getStudentsFromClassRoom/666e1ab54733460ff2654211","status_code":304},"timestamp":"2024-06-16T03:50:18.373Z"}
{"level":"info","message":{"duration":0.16,"method":"GET","route":"/getStudentsFromClassRoom/666e1ab54733460ff2654211","status_code":304},"timestamp":"2024-06-16T03:50:18.535Z"}
{"level":"info","message":{"duration":0.018,"method":"GET","route":"/getPastData/666e213239607181dc6bf805","status_code":304},"timestamp":"2024-06-16T03:50:21.431Z"}
